三月 21, 2013 3:32:30 下午 org.apache.catalina.core.AprLifecycleListener init
INFO: Loaded APR based Apache Tomcat Native library 1.1.24 using APR version 1.4.6.
三月 21, 2013 3:32:30 下午 org.apache.catalina.core.AprLifecycleListener init
INFO: APR capabilities: IPv6 [true], sendfile [true], accept filters [false], random [true].
三月 21, 2013 3:32:32 下午 org.apache.catalina.core.AprLifecycleListener initializeSSL
INFO: OpenSSL successfully initialized (OpenSSL 1.0.1c 10 May 2012)
三月 21, 2013 3:32:34 下午 org.apache.coyote.AbstractProtocol init
INFO: Initializing ProtocolHandler ["http-apr-8280"]
三月 21, 2013 3:32:34 下午 org.apache.coyote.AbstractProtocol init
INFO: Initializing ProtocolHandler ["ajp-apr-8209"]
三月 21, 2013 3:32:34 下午 org.apache.catalina.startup.Catalina load
INFO: Initialization processed in 5352 ms
三月 21, 2013 3:32:34 下午 org.apache.catalina.core.StandardService startInternal
INFO: Starting service Catalina
三月 21, 2013 3:32:34 下午 org.apache.catalina.core.StandardEngine startInternal
INFO: Starting Servlet Engine: Apache Tomcat/7.0.32
三月 21, 2013 3:32:34 下午 org.apache.catalina.startup.HostConfig deployDirectory
INFO: Deploying web application directory I:\env-lvs\loadbalance\apache-tomcat-7.0.32-2\webapps\docs
三月 21, 2013 3:32:36 下午 org.apache.catalina.util.SessionIdGenerator createSecureRandom
INFO: Creation of SecureRandom instance for session ID generation using [SHA1PRNG] took [123] milliseconds.
三月 21, 2013 3:32:36 下午 de.javakaffee.web.msm.MemcachedSessionService startInternal
INFO: MemcachedSessionService starts initialization... (configured nodes definition n1:127.0.0.1:11211,n2:127.0.0.1:11212, failover nodes n1)
三月 21, 2013 3:32:36 下午 de.javakaffee.web.msm.RequestTrackingHostValve <init>
INFO: Setting ignorePattern to .*\.(ico|png|gif|jpg|css|js)$
三月 21, 2013 3:32:36 下午 de.javakaffee.web.msm.MemcachedSessionService setLockingMode
INFO: Setting lockingMode to null
三月 21, 2013 3:32:36 下午 de.javakaffee.web.msm.MemcachedSessionService createTranscoderFactory
INFO: Creating transcoder factory de.javakaffee.web.msm.serializer.kryo.KryoTranscoderFactory
三月 21, 2013 3:32:36 下午 de.javakaffee.web.msm.serializer.kryo.KryoTranscoder <init>
INFO: Starting with initialBufferSize 102400 and maxBufferSize 2048000
三月 21, 2013 3:32:36 下午 de.javakaffee.web.msm.MemcachedSessionService startInternal
INFO: MemcachedSessionService finished initialization, sticky true, operation timeout 1000, with node ids [n2] and failover node ids [n1]
三月 21, 2013 3:32:36 下午 org.apache.catalina.startup.HostConfig deployDirectory
INFO: Deploying web application directory I:\env-lvs\loadbalance\apache-tomcat-7.0.32-2\webapps\examples
三月 21, 2013 3:32:37 下午 de.javakaffee.web.msm.MemcachedSessionService startInternal
INFO: MemcachedSessionService starts initialization... (configured nodes definition n1:127.0.0.1:11211,n2:127.0.0.1:11212, failover nodes n1)
三月 21, 2013 3:32:37 下午 de.javakaffee.web.msm.RequestTrackingHostValve <init>
INFO: Setting ignorePattern to .*\.(ico|png|gif|jpg|css|js)$
三月 21, 2013 3:32:37 下午 de.javakaffee.web.msm.MemcachedSessionService setLockingMode
INFO: Setting lockingMode to null
三月 21, 2013 3:32:37 下午 de.javakaffee.web.msm.MemcachedSessionService createTranscoderFactory
INFO: Creating transcoder factory de.javakaffee.web.msm.serializer.kryo.KryoTranscoderFactory
三月 21, 2013 3:32:37 下午 de.javakaffee.web.msm.serializer.kryo.KryoTranscoder <init>
INFO: Starting with initialBufferSize 102400 and maxBufferSize 2048000
三月 21, 2013 3:32:37 下午 de.javakaffee.web.msm.MemcachedSessionService startInternal
INFO: MemcachedSessionService finished initialization, sticky true, operation timeout 1000, with node ids [n2] and failover node ids [n1]
三月 21, 2013 3:32:37 下午 org.apache.catalina.startup.HostConfig deployDirectory
INFO: Deploying web application directory I:\env-lvs\loadbalance\apache-tomcat-7.0.32-2\webapps\host-manager
三月 21, 2013 3:32:37 下午 de.javakaffee.web.msm.MemcachedSessionService startInternal
INFO: MemcachedSessionService starts initialization... (configured nodes definition n1:127.0.0.1:11211,n2:127.0.0.1:11212, failover nodes n1)
三月 21, 2013 3:32:37 下午 de.javakaffee.web.msm.RequestTrackingHostValve <init>
INFO: Setting ignorePattern to .*\.(ico|png|gif|jpg|css|js)$
三月 21, 2013 3:32:37 下午 de.javakaffee.web.msm.MemcachedSessionService setLockingMode
INFO: Setting lockingMode to null
三月 21, 2013 3:32:37 下午 de.javakaffee.web.msm.MemcachedSessionService createTranscoderFactory
INFO: Creating transcoder factory de.javakaffee.web.msm.serializer.kryo.KryoTranscoderFactory
三月 21, 2013 3:32:37 下午 de.javakaffee.web.msm.serializer.kryo.KryoTranscoder <init>
INFO: Starting with initialBufferSize 102400 and maxBufferSize 2048000
三月 21, 2013 3:32:37 下午 de.javakaffee.web.msm.MemcachedSessionService startInternal
INFO: MemcachedSessionService finished initialization, sticky true, operation timeout 1000, with node ids [n2] and failover node ids [n1]
三月 21, 2013 3:32:37 下午 org.apache.catalina.startup.HostConfig deployDirectory
INFO: Deploying web application directory I:\env-lvs\loadbalance\apache-tomcat-7.0.32-2\webapps\manager
三月 21, 2013 3:32:37 下午 de.javakaffee.web.msm.MemcachedSessionService startInternal
INFO: MemcachedSessionService starts initialization... (configured nodes definition n1:127.0.0.1:11211,n2:127.0.0.1:11212, failover nodes n1)
三月 21, 2013 3:32:37 下午 de.javakaffee.web.msm.RequestTrackingHostValve <init>
INFO: Setting ignorePattern to .*\.(ico|png|gif|jpg|css|js)$
三月 21, 2013 3:32:37 下午 de.javakaffee.web.msm.MemcachedSessionService setLockingMode
INFO: Setting lockingMode to null
三月 21, 2013 3:32:37 下午 de.javakaffee.web.msm.MemcachedSessionService createTranscoderFactory
INFO: Creating transcoder factory de.javakaffee.web.msm.serializer.kryo.KryoTranscoderFactory
三月 21, 2013 3:32:37 下午 de.javakaffee.web.msm.serializer.kryo.KryoTranscoder <init>
INFO: Starting with initialBufferSize 102400 and maxBufferSize 2048000
三月 21, 2013 3:32:37 下午 de.javakaffee.web.msm.MemcachedSessionService startInternal
INFO: MemcachedSessionService finished initialization, sticky true, operation timeout 1000, with node ids [n2] and failover node ids [n1]
三月 21, 2013 3:32:37 下午 org.apache.catalina.startup.HostConfig deployDirectory
INFO: Deploying web application directory I:\env-lvs\loadbalance\apache-tomcat-7.0.32-2\webapps\ROOT
三月 21, 2013 3:32:38 下午 de.javakaffee.web.msm.MemcachedSessionService startInternal
INFO: MemcachedSessionService starts initialization... (configured nodes definition n1:127.0.0.1:11211,n2:127.0.0.1:11212, failover nodes n1)
三月 21, 2013 3:32:38 下午 de.javakaffee.web.msm.RequestTrackingHostValve <init>
INFO: Setting ignorePattern to .*\.(ico|png|gif|jpg|css|js)$
三月 21, 2013 3:32:38 下午 de.javakaffee.web.msm.MemcachedSessionService setLockingMode
INFO: Setting lockingMode to null
三月 21, 2013 3:32:38 下午 de.javakaffee.web.msm.MemcachedSessionService createTranscoderFactory
INFO: Creating transcoder factory de.javakaffee.web.msm.serializer.kryo.KryoTranscoderFactory
三月 21, 2013 3:32:38 下午 de.javakaffee.web.msm.serializer.kryo.KryoTranscoder <init>
INFO: Starting with initialBufferSize 102400 and maxBufferSize 2048000
三月 21, 2013 3:32:38 下午 de.javakaffee.web.msm.MemcachedSessionService startInternal
INFO: MemcachedSessionService finished initialization, sticky true, operation timeout 1000, with node ids [n2] and failover node ids [n1]
三月 21, 2013 3:32:38 下午 org.apache.coyote.AbstractProtocol start
INFO: Starting ProtocolHandler ["http-apr-8280"]
三月 21, 2013 3:32:38 下午 org.apache.coyote.AbstractProtocol start
INFO: Starting ProtocolHandler ["ajp-apr-8209"]
三月 21, 2013 3:32:38 下午 org.apache.catalina.startup.Catalina start
INFO: Server startup in 3812 ms
三月 21, 2013 3:41:55 下午 org.apache.catalina.core.AprLifecycleListener init
INFO: Loaded APR based Apache Tomcat Native library 1.1.24 using APR version 1.4.6.
三月 21, 2013 3:41:55 下午 org.apache.catalina.core.AprLifecycleListener init
INFO: APR capabilities: IPv6 [true], sendfile [true], accept filters [false], random [true].
三月 21, 2013 3:41:57 下午 org.apache.catalina.core.AprLifecycleListener initializeSSL
INFO: OpenSSL successfully initialized (OpenSSL 1.0.1c 10 May 2012)
三月 21, 2013 3:41:57 下午 org.apache.coyote.AbstractProtocol init
INFO: Initializing ProtocolHandler ["http-apr-8280"]
三月 21, 2013 3:41:57 下午 org.apache.coyote.AbstractProtocol init
INFO: Initializing ProtocolHandler ["ajp-apr-8209"]
三月 21, 2013 3:41:57 下午 org.apache.catalina.startup.Catalina load
INFO: Initialization processed in 2436 ms
三月 21, 2013 3:41:57 下午 org.apache.catalina.core.StandardService startInternal
INFO: Starting service Catalina
三月 21, 2013 3:41:57 下午 org.apache.catalina.core.StandardEngine startInternal
INFO: Starting Servlet Engine: Apache Tomcat/7.0.32
三月 21, 2013 3:41:57 下午 org.apache.catalina.startup.HostConfig deployDirectory
INFO: Deploying web application directory I:\env-lvs\loadbalance\apache-tomcat-7.0.32-2\webapps\docs
三月 21, 2013 3:41:58 下午 de.javakaffee.web.msm.MemcachedSessionService startInternal
INFO: MemcachedSessionService starts initialization... (configured nodes definition n1:127.0.0.1:11211,n2:127.0.0.1:11212, failover nodes n1)
三月 21, 2013 3:41:58 下午 de.javakaffee.web.msm.RequestTrackingHostValve <init>
INFO: Setting ignorePattern to .*\.(ico|png|gif|jpg|css|js)$
三月 21, 2013 3:41:58 下午 de.javakaffee.web.msm.MemcachedSessionService setLockingMode
INFO: Setting lockingMode to null
三月 21, 2013 3:41:58 下午 de.javakaffee.web.msm.MemcachedSessionService createTranscoderFactory
INFO: Creating transcoder factory de.javakaffee.web.msm.serializer.kryo.KryoTranscoderFactory
三月 21, 2013 3:41:58 下午 de.javakaffee.web.msm.serializer.kryo.KryoTranscoder <init>
INFO: Starting with initialBufferSize 102400 and maxBufferSize 2048000
三月 21, 2013 3:41:58 下午 de.javakaffee.web.msm.MemcachedSessionService startInternal
INFO: MemcachedSessionService finished initialization, sticky true, operation timeout 1000, with node ids [n2] and failover node ids [n1]
三月 21, 2013 3:41:58 下午 org.apache.catalina.startup.HostConfig deployDirectory
INFO: Deploying web application directory I:\env-lvs\loadbalance\apache-tomcat-7.0.32-2\webapps\examples
三月 21, 2013 3:41:58 下午 de.javakaffee.web.msm.MemcachedSessionService startInternal
INFO: MemcachedSessionService starts initialization... (configured nodes definition n1:127.0.0.1:11211,n2:127.0.0.1:11212, failover nodes n1)
三月 21, 2013 3:41:58 下午 de.javakaffee.web.msm.RequestTrackingHostValve <init>
INFO: Setting ignorePattern to .*\.(ico|png|gif|jpg|css|js)$
三月 21, 2013 3:41:58 下午 de.javakaffee.web.msm.MemcachedSessionService setLockingMode
INFO: Setting lockingMode to null
三月 21, 2013 3:41:58 下午 de.javakaffee.web.msm.MemcachedSessionService createTranscoderFactory
INFO: Creating transcoder factory de.javakaffee.web.msm.serializer.kryo.KryoTranscoderFactory
三月 21, 2013 3:41:58 下午 de.javakaffee.web.msm.serializer.kryo.KryoTranscoder <init>
INFO: Starting with initialBufferSize 102400 and maxBufferSize 2048000
三月 21, 2013 3:41:58 下午 de.javakaffee.web.msm.MemcachedSessionService startInternal
INFO: MemcachedSessionService finished initialization, sticky true, operation timeout 1000, with node ids [n2] and failover node ids [n1]
三月 21, 2013 3:41:58 下午 org.apache.catalina.startup.HostConfig deployDirectory
INFO: Deploying web application directory I:\env-lvs\loadbalance\apache-tomcat-7.0.32-2\webapps\host-manager
三月 21, 2013 3:41:58 下午 de.javakaffee.web.msm.MemcachedSessionService startInternal
INFO: MemcachedSessionService starts initialization... (configured nodes definition n1:127.0.0.1:11211,n2:127.0.0.1:11212, failover nodes n1)
三月 21, 2013 3:41:58 下午 de.javakaffee.web.msm.RequestTrackingHostValve <init>
INFO: Setting ignorePattern to .*\.(ico|png|gif|jpg|css|js)$
三月 21, 2013 3:41:58 下午 de.javakaffee.web.msm.MemcachedSessionService setLockingMode
INFO: Setting lockingMode to null
三月 21, 2013 3:41:58 下午 de.javakaffee.web.msm.MemcachedSessionService createTranscoderFactory
INFO: Creating transcoder factory de.javakaffee.web.msm.serializer.kryo.KryoTranscoderFactory
三月 21, 2013 3:41:58 下午 de.javakaffee.web.msm.serializer.kryo.KryoTranscoder <init>
INFO: Starting with initialBufferSize 102400 and maxBufferSize 2048000
三月 21, 2013 3:41:58 下午 de.javakaffee.web.msm.MemcachedSessionService startInternal
INFO: MemcachedSessionService finished initialization, sticky true, operation timeout 1000, with node ids [n2] and failover node ids [n1]
三月 21, 2013 3:41:58 下午 org.apache.catalina.startup.HostConfig deployDirectory
INFO: Deploying web application directory I:\env-lvs\loadbalance\apache-tomcat-7.0.32-2\webapps\manager
三月 21, 2013 3:41:58 下午 de.javakaffee.web.msm.MemcachedSessionService startInternal
INFO: MemcachedSessionService starts initialization... (configured nodes definition n1:127.0.0.1:11211,n2:127.0.0.1:11212, failover nodes n1)
三月 21, 2013 3:41:58 下午 de.javakaffee.web.msm.RequestTrackingHostValve <init>
INFO: Setting ignorePattern to .*\.(ico|png|gif|jpg|css|js)$
三月 21, 2013 3:41:58 下午 de.javakaffee.web.msm.MemcachedSessionService setLockingMode
INFO: Setting lockingMode to null
三月 21, 2013 3:41:58 下午 de.javakaffee.web.msm.MemcachedSessionService createTranscoderFactory
INFO: Creating transcoder factory de.javakaffee.web.msm.serializer.kryo.KryoTranscoderFactory
三月 21, 2013 3:41:58 下午 de.javakaffee.web.msm.serializer.kryo.KryoTranscoder <init>
INFO: Starting with initialBufferSize 102400 and maxBufferSize 2048000
三月 21, 2013 3:41:58 下午 de.javakaffee.web.msm.MemcachedSessionService startInternal
INFO: MemcachedSessionService finished initialization, sticky true, operation timeout 1000, with node ids [n2] and failover node ids [n1]
三月 21, 2013 3:41:59 下午 org.apache.catalina.startup.HostConfig deployDirectory
INFO: Deploying web application directory I:\env-lvs\loadbalance\apache-tomcat-7.0.32-2\webapps\ROOT
三月 21, 2013 3:41:59 下午 de.javakaffee.web.msm.MemcachedSessionService startInternal
INFO: MemcachedSessionService starts initialization... (configured nodes definition n1:127.0.0.1:11211,n2:127.0.0.1:11212, failover nodes n1)
三月 21, 2013 3:41:59 下午 de.javakaffee.web.msm.RequestTrackingHostValve <init>
INFO: Setting ignorePattern to .*\.(ico|png|gif|jpg|css|js)$
三月 21, 2013 3:41:59 下午 de.javakaffee.web.msm.MemcachedSessionService setLockingMode
INFO: Setting lockingMode to null
三月 21, 2013 3:41:59 下午 de.javakaffee.web.msm.MemcachedSessionService createTranscoderFactory
INFO: Creating transcoder factory de.javakaffee.web.msm.serializer.kryo.KryoTranscoderFactory
三月 21, 2013 3:41:59 下午 de.javakaffee.web.msm.serializer.kryo.KryoTranscoder <init>
INFO: Starting with initialBufferSize 102400 and maxBufferSize 2048000
三月 21, 2013 3:41:59 下午 de.javakaffee.web.msm.MemcachedSessionService startInternal
INFO: MemcachedSessionService finished initialization, sticky true, operation timeout 1000, with node ids [n2] and failover node ids [n1]
三月 21, 2013 3:41:59 下午 org.apache.coyote.AbstractProtocol start
INFO: Starting ProtocolHandler ["http-apr-8280"]
三月 21, 2013 3:41:59 下午 org.apache.coyote.AbstractProtocol start
INFO: Starting ProtocolHandler ["ajp-apr-8209"]
三月 21, 2013 3:41:59 下午 org.apache.catalina.startup.Catalina start
INFO: Server startup in 1557 ms
三月 21, 2013 3:47:52 下午 org.apache.catalina.core.AprLifecycleListener init
INFO: Loaded APR based Apache Tomcat Native library 1.1.24 using APR version 1.4.6.
三月 21, 2013 3:47:52 下午 org.apache.catalina.core.AprLifecycleListener init
INFO: APR capabilities: IPv6 [true], sendfile [true], accept filters [false], random [true].
三月 21, 2013 3:47:54 下午 org.apache.catalina.core.AprLifecycleListener initializeSSL
INFO: OpenSSL successfully initialized (OpenSSL 1.0.1c 10 May 2012)
三月 21, 2013 3:47:54 下午 org.apache.coyote.AbstractProtocol init
INFO: Initializing ProtocolHandler ["http-apr-8280"]
三月 21, 2013 3:47:54 下午 org.apache.coyote.AbstractProtocol init
INFO: Initializing ProtocolHandler ["ajp-apr-8209"]
三月 21, 2013 3:47:54 下午 org.apache.catalina.startup.Catalina load
INFO: Initialization processed in 3168 ms
三月 21, 2013 3:47:54 下午 org.apache.catalina.core.StandardService startInternal
INFO: Starting service Catalina
三月 21, 2013 3:47:54 下午 org.apache.catalina.core.StandardEngine startInternal
INFO: Starting Servlet Engine: Apache Tomcat/7.0.32
三月 21, 2013 3:47:54 下午 org.apache.catalina.startup.HostConfig deployDirectory
INFO: Deploying web application directory I:\env-lvs\loadbalance\apache-tomcat-7.0.32-2\webapps\docs
三月 21, 2013 3:47:55 下午 de.javakaffee.web.msm.MemcachedSessionService startInternal
INFO: MemcachedSessionService starts initialization... (configured nodes definition n1:127.0.0.1:11211,n2:127.0.0.1:11212, failover nodes n1)
三月 21, 2013 3:47:55 下午 de.javakaffee.web.msm.RequestTrackingHostValve <init>
INFO: Setting ignorePattern to .*\.(ico|png|gif|jpg|css|js)$
三月 21, 2013 3:47:55 下午 de.javakaffee.web.msm.MemcachedSessionService setLockingMode
INFO: Setting lockingMode to null
三月 21, 2013 3:47:55 下午 de.javakaffee.web.msm.MemcachedSessionService createTranscoderFactory
INFO: Creating transcoder factory de.javakaffee.web.msm.serializer.kryo.KryoTranscoderFactory
三月 21, 2013 3:47:55 下午 de.javakaffee.web.msm.serializer.kryo.KryoTranscoder <init>
INFO: Starting with initialBufferSize 102400 and maxBufferSize 2048000
三月 21, 2013 3:47:55 下午 de.javakaffee.web.msm.MemcachedSessionService startInternal
INFO: MemcachedSessionService finished initialization, sticky true, operation timeout 1000, with node ids [n2] and failover node ids [n1]
三月 21, 2013 3:47:55 下午 org.apache.catalina.startup.HostConfig deployDirectory
INFO: Deploying web application directory I:\env-lvs\loadbalance\apache-tomcat-7.0.32-2\webapps\examples
三月 21, 2013 3:47:55 下午 de.javakaffee.web.msm.MemcachedSessionService startInternal
INFO: MemcachedSessionService starts initialization... (configured nodes definition n1:127.0.0.1:11211,n2:127.0.0.1:11212, failover nodes n1)
三月 21, 2013 3:47:55 下午 de.javakaffee.web.msm.RequestTrackingHostValve <init>
INFO: Setting ignorePattern to .*\.(ico|png|gif|jpg|css|js)$
三月 21, 2013 3:47:55 下午 de.javakaffee.web.msm.MemcachedSessionService setLockingMode
INFO: Setting lockingMode to null
三月 21, 2013 3:47:55 下午 de.javakaffee.web.msm.MemcachedSessionService createTranscoderFactory
INFO: Creating transcoder factory de.javakaffee.web.msm.serializer.kryo.KryoTranscoderFactory
三月 21, 2013 3:47:55 下午 de.javakaffee.web.msm.serializer.kryo.KryoTranscoder <init>
INFO: Starting with initialBufferSize 102400 and maxBufferSize 2048000
三月 21, 2013 3:47:55 下午 de.javakaffee.web.msm.MemcachedSessionService startInternal
INFO: MemcachedSessionService finished initialization, sticky true, operation timeout 1000, with node ids [n2] and failover node ids [n1]
三月 21, 2013 3:47:55 下午 org.apache.catalina.startup.HostConfig deployDirectory
INFO: Deploying web application directory I:\env-lvs\loadbalance\apache-tomcat-7.0.32-2\webapps\host-manager
三月 21, 2013 3:47:55 下午 de.javakaffee.web.msm.MemcachedSessionService startInternal
INFO: MemcachedSessionService starts initialization... (configured nodes definition n1:127.0.0.1:11211,n2:127.0.0.1:11212, failover nodes n1)
三月 21, 2013 3:47:55 下午 de.javakaffee.web.msm.RequestTrackingHostValve <init>
INFO: Setting ignorePattern to .*\.(ico|png|gif|jpg|css|js)$
三月 21, 2013 3:47:55 下午 de.javakaffee.web.msm.MemcachedSessionService setLockingMode
INFO: Setting lockingMode to null
三月 21, 2013 3:47:55 下午 de.javakaffee.web.msm.MemcachedSessionService createTranscoderFactory
INFO: Creating transcoder factory de.javakaffee.web.msm.serializer.kryo.KryoTranscoderFactory
三月 21, 2013 3:47:55 下午 de.javakaffee.web.msm.serializer.kryo.KryoTranscoder <init>
INFO: Starting with initialBufferSize 102400 and maxBufferSize 2048000
三月 21, 2013 3:47:55 下午 de.javakaffee.web.msm.MemcachedSessionService startInternal
INFO: MemcachedSessionService finished initialization, sticky true, operation timeout 1000, with node ids [n2] and failover node ids [n1]
三月 21, 2013 3:47:55 下午 org.apache.catalina.startup.HostConfig deployDirectory
INFO: Deploying web application directory I:\env-lvs\loadbalance\apache-tomcat-7.0.32-2\webapps\manager
三月 21, 2013 3:47:55 下午 de.javakaffee.web.msm.MemcachedSessionService startInternal
INFO: MemcachedSessionService starts initialization... (configured nodes definition n1:127.0.0.1:11211,n2:127.0.0.1:11212, failover nodes n1)
三月 21, 2013 3:47:55 下午 de.javakaffee.web.msm.RequestTrackingHostValve <init>
INFO: Setting ignorePattern to .*\.(ico|png|gif|jpg|css|js)$
三月 21, 2013 3:47:55 下午 de.javakaffee.web.msm.MemcachedSessionService setLockingMode
INFO: Setting lockingMode to null
三月 21, 2013 3:47:55 下午 de.javakaffee.web.msm.MemcachedSessionService createTranscoderFactory
INFO: Creating transcoder factory de.javakaffee.web.msm.serializer.kryo.KryoTranscoderFactory
三月 21, 2013 3:47:55 下午 de.javakaffee.web.msm.serializer.kryo.KryoTranscoder <init>
INFO: Starting with initialBufferSize 102400 and maxBufferSize 2048000
三月 21, 2013 3:47:55 下午 de.javakaffee.web.msm.MemcachedSessionService startInternal
INFO: MemcachedSessionService finished initialization, sticky true, operation timeout 1000, with node ids [n2] and failover node ids [n1]
三月 21, 2013 3:47:55 下午 org.apache.catalina.startup.HostConfig deployDirectory
INFO: Deploying web application directory I:\env-lvs\loadbalance\apache-tomcat-7.0.32-2\webapps\ROOT
三月 21, 2013 3:47:55 下午 de.javakaffee.web.msm.MemcachedSessionService startInternal
INFO: MemcachedSessionService starts initialization... (configured nodes definition n1:127.0.0.1:11211,n2:127.0.0.1:11212, failover nodes n1)
三月 21, 2013 3:47:55 下午 de.javakaffee.web.msm.RequestTrackingHostValve <init>
INFO: Setting ignorePattern to .*\.(ico|png|gif|jpg|css|js)$
三月 21, 2013 3:47:55 下午 de.javakaffee.web.msm.MemcachedSessionService setLockingMode
INFO: Setting lockingMode to null
三月 21, 2013 3:47:55 下午 de.javakaffee.web.msm.MemcachedSessionService createTranscoderFactory
INFO: Creating transcoder factory de.javakaffee.web.msm.serializer.kryo.KryoTranscoderFactory
三月 21, 2013 3:47:55 下午 de.javakaffee.web.msm.serializer.kryo.KryoTranscoder <init>
INFO: Starting with initialBufferSize 102400 and maxBufferSize 2048000
三月 21, 2013 3:47:56 下午 de.javakaffee.web.msm.MemcachedSessionService startInternal
INFO: MemcachedSessionService finished initialization, sticky true, operation timeout 1000, with node ids [n2] and failover node ids [n1]
三月 21, 2013 3:47:56 下午 org.apache.coyote.AbstractProtocol start
INFO: Starting ProtocolHandler ["http-apr-8280"]
三月 21, 2013 3:47:56 下午 org.apache.coyote.AbstractProtocol start
INFO: Starting ProtocolHandler ["ajp-apr-8209"]
三月 21, 2013 3:47:56 下午 org.apache.catalina.startup.Catalina start
INFO: Server startup in 1663 ms
