三月 21, 2013 3:32:37 下午 org.apache.catalina.core.ApplicationContext log
INFO: ContextListener: contextInitialized()
三月 21, 2013 3:32:37 下午 org.apache.catalina.core.ApplicationContext log
INFO: SessionListener: contextInitialized()
三月 21, 2013 3:32:37 下午 org.apache.catalina.core.ApplicationContext log
INFO: ContextListener: attributeAdded('org.apache.jasper.compiler.TldLocationsCache', 'org.apache.jasper.compiler.TldLocationsCache@567c66cc')
三月 21, 2013 3:41:58 下午 org.apache.catalina.core.ApplicationContext log
INFO: ContextListener: contextInitialized()
三月 21, 2013 3:41:58 下午 org.apache.catalina.core.ApplicationContext log
INFO: SessionListener: contextInitialized()
三月 21, 2013 3:41:58 下午 org.apache.catalina.core.ApplicationContext log
INFO: ContextListener: attributeAdded('org.apache.jasper.compiler.TldLocationsCache', 'org.apache.jasper.compiler.TldLocationsCache@11646b9d')
三月 21, 2013 3:43:51 下午 org.apache.catalina.core.ApplicationContext log
INFO: ContextListener: attributeAdded('org.apache.jasper.runtime.JspApplicationContextImpl', 'org.apache.jasper.runtime.JspApplicationContextImpl@5c725e09')
三月 21, 2013 3:43:51 下午 org.apache.catalina.core.ApplicationContext log
INFO: SessionListener: sessionCreated('259C58358D56AC6D3B0CD62DED7F2613-n2.jvm2')
三月 21, 2013 3:47:55 下午 org.apache.catalina.core.ApplicationContext log
INFO: ContextListener: contextInitialized()
三月 21, 2013 3:47:55 下午 org.apache.catalina.core.ApplicationContext log
INFO: SessionListener: contextInitialized()
三月 21, 2013 3:47:55 下午 org.apache.catalina.core.ApplicationContext log
INFO: ContextListener: attributeAdded('org.apache.jasper.compiler.TldLocationsCache', 'org.apache.jasper.compiler.TldLocationsCache@42593848')
