三月 21, 2013 3:32:40 下午 org.apache.catalina.core.AprLifecycleListener init
INFO: Loaded APR based Apache Tomcat Native library 1.1.24 using APR version 1.4.6.
三月 21, 2013 3:32:40 下午 org.apache.catalina.core.AprLifecycleListener init
INFO: APR capabilities: IPv6 [true], sendfile [true], accept filters [false], random [true].
三月 21, 2013 3:32:42 下午 org.apache.catalina.core.AprLifecycleListener initializeSSL
INFO: OpenSSL successfully initialized (OpenSSL 1.0.1c 10 May 2012)
三月 21, 2013 3:32:42 下午 org.apache.coyote.AbstractProtocol init
INFO: Initializing ProtocolHandler ["http-apr-8180"]
三月 21, 2013 3:32:42 下午 org.apache.coyote.AbstractProtocol init
INFO: Initializing ProtocolHandler ["ajp-apr-8109"]
三月 21, 2013 3:32:43 下午 org.apache.catalina.startup.Catalina load
INFO: Initialization processed in 3107 ms
三月 21, 2013 3:32:43 下午 org.apache.catalina.core.StandardService startInternal
INFO: Starting service Catalina
三月 21, 2013 3:32:43 下午 org.apache.catalina.core.StandardEngine startInternal
INFO: Starting Servlet Engine: Apache Tomcat/7.0.32
三月 21, 2013 3:32:43 下午 org.apache.catalina.startup.HostConfig deployDirectory
INFO: Deploying web application directory I:\env-lvs\loadbalance\apache-tomcat-7.0.32-1\webapps\docs
三月 21, 2013 3:32:44 下午 de.javakaffee.web.msm.MemcachedSessionService startInternal
INFO: MemcachedSessionService starts initialization... (configured nodes definition n1:127.0.0.1:11211,n2:127.0.0.1:11212, failover nodes n1)
三月 21, 2013 3:32:44 下午 de.javakaffee.web.msm.RequestTrackingHostValve <init>
INFO: Setting ignorePattern to .*\.(ico|png|gif|jpg|css|js)$
三月 21, 2013 3:32:44 下午 de.javakaffee.web.msm.MemcachedSessionService setLockingMode
INFO: Setting lockingMode to null
三月 21, 2013 3:32:44 下午 de.javakaffee.web.msm.MemcachedSessionService createTranscoderFactory
INFO: Creating transcoder factory de.javakaffee.web.msm.serializer.kryo.KryoTranscoderFactory
三月 21, 2013 3:32:44 下午 de.javakaffee.web.msm.serializer.kryo.KryoTranscoder <init>
INFO: Starting with initialBufferSize 102400 and maxBufferSize 2048000
三月 21, 2013 3:32:44 下午 de.javakaffee.web.msm.MemcachedSessionService startInternal
INFO: MemcachedSessionService finished initialization, sticky true, operation timeout 1000, with node ids [n2] and failover node ids [n1]
三月 21, 2013 3:32:44 下午 org.apache.catalina.startup.HostConfig deployDirectory
INFO: Deploying web application directory I:\env-lvs\loadbalance\apache-tomcat-7.0.32-1\webapps\examples
三月 21, 2013 3:32:45 下午 de.javakaffee.web.msm.MemcachedSessionService startInternal
INFO: MemcachedSessionService starts initialization... (configured nodes definition n1:127.0.0.1:11211,n2:127.0.0.1:11212, failover nodes n1)
三月 21, 2013 3:32:45 下午 de.javakaffee.web.msm.RequestTrackingHostValve <init>
INFO: Setting ignorePattern to .*\.(ico|png|gif|jpg|css|js)$
三月 21, 2013 3:32:45 下午 de.javakaffee.web.msm.MemcachedSessionService setLockingMode
INFO: Setting lockingMode to null
三月 21, 2013 3:32:45 下午 de.javakaffee.web.msm.MemcachedSessionService createTranscoderFactory
INFO: Creating transcoder factory de.javakaffee.web.msm.serializer.kryo.KryoTranscoderFactory
三月 21, 2013 3:32:45 下午 de.javakaffee.web.msm.serializer.kryo.KryoTranscoder <init>
INFO: Starting with initialBufferSize 102400 and maxBufferSize 2048000
三月 21, 2013 3:32:45 下午 de.javakaffee.web.msm.MemcachedSessionService startInternal
INFO: MemcachedSessionService finished initialization, sticky true, operation timeout 1000, with node ids [n2] and failover node ids [n1]
三月 21, 2013 3:32:45 下午 org.apache.catalina.startup.HostConfig deployDirectory
INFO: Deploying web application directory I:\env-lvs\loadbalance\apache-tomcat-7.0.32-1\webapps\host-manager
三月 21, 2013 3:32:45 下午 de.javakaffee.web.msm.MemcachedSessionService startInternal
INFO: MemcachedSessionService starts initialization... (configured nodes definition n1:127.0.0.1:11211,n2:127.0.0.1:11212, failover nodes n1)
三月 21, 2013 3:32:45 下午 de.javakaffee.web.msm.RequestTrackingHostValve <init>
INFO: Setting ignorePattern to .*\.(ico|png|gif|jpg|css|js)$
三月 21, 2013 3:32:45 下午 de.javakaffee.web.msm.MemcachedSessionService setLockingMode
INFO: Setting lockingMode to null
三月 21, 2013 3:32:45 下午 de.javakaffee.web.msm.MemcachedSessionService createTranscoderFactory
INFO: Creating transcoder factory de.javakaffee.web.msm.serializer.kryo.KryoTranscoderFactory
三月 21, 2013 3:32:45 下午 de.javakaffee.web.msm.serializer.kryo.KryoTranscoder <init>
INFO: Starting with initialBufferSize 102400 and maxBufferSize 2048000
三月 21, 2013 3:32:45 下午 de.javakaffee.web.msm.MemcachedSessionService startInternal
INFO: MemcachedSessionService finished initialization, sticky true, operation timeout 1000, with node ids [n2] and failover node ids [n1]
三月 21, 2013 3:32:45 下午 org.apache.catalina.startup.HostConfig deployDirectory
INFO: Deploying web application directory I:\env-lvs\loadbalance\apache-tomcat-7.0.32-1\webapps\manager
三月 21, 2013 3:32:45 下午 de.javakaffee.web.msm.MemcachedSessionService startInternal
INFO: MemcachedSessionService starts initialization... (configured nodes definition n1:127.0.0.1:11211,n2:127.0.0.1:11212, failover nodes n1)
三月 21, 2013 3:32:45 下午 de.javakaffee.web.msm.RequestTrackingHostValve <init>
INFO: Setting ignorePattern to .*\.(ico|png|gif|jpg|css|js)$
三月 21, 2013 3:32:45 下午 de.javakaffee.web.msm.MemcachedSessionService setLockingMode
INFO: Setting lockingMode to null
三月 21, 2013 3:32:45 下午 de.javakaffee.web.msm.MemcachedSessionService createTranscoderFactory
INFO: Creating transcoder factory de.javakaffee.web.msm.serializer.kryo.KryoTranscoderFactory
三月 21, 2013 3:32:45 下午 de.javakaffee.web.msm.serializer.kryo.KryoTranscoder <init>
INFO: Starting with initialBufferSize 102400 and maxBufferSize 2048000
三月 21, 2013 3:32:45 下午 de.javakaffee.web.msm.MemcachedSessionService startInternal
INFO: MemcachedSessionService finished initialization, sticky true, operation timeout 1000, with node ids [n2] and failover node ids [n1]
三月 21, 2013 3:32:45 下午 org.apache.catalina.startup.HostConfig deployDirectory
INFO: Deploying web application directory I:\env-lvs\loadbalance\apache-tomcat-7.0.32-1\webapps\ROOT
三月 21, 2013 3:32:45 下午 de.javakaffee.web.msm.MemcachedSessionService startInternal
INFO: MemcachedSessionService starts initialization... (configured nodes definition n1:127.0.0.1:11211,n2:127.0.0.1:11212, failover nodes n1)
三月 21, 2013 3:32:45 下午 de.javakaffee.web.msm.RequestTrackingHostValve <init>
INFO: Setting ignorePattern to .*\.(ico|png|gif|jpg|css|js)$
三月 21, 2013 3:32:45 下午 de.javakaffee.web.msm.MemcachedSessionService setLockingMode
INFO: Setting lockingMode to null
三月 21, 2013 3:32:45 下午 de.javakaffee.web.msm.MemcachedSessionService createTranscoderFactory
INFO: Creating transcoder factory de.javakaffee.web.msm.serializer.kryo.KryoTranscoderFactory
三月 21, 2013 3:32:45 下午 de.javakaffee.web.msm.serializer.kryo.KryoTranscoder <init>
INFO: Starting with initialBufferSize 102400 and maxBufferSize 2048000
三月 21, 2013 3:32:45 下午 de.javakaffee.web.msm.MemcachedSessionService startInternal
INFO: MemcachedSessionService finished initialization, sticky true, operation timeout 1000, with node ids [n2] and failover node ids [n1]
三月 21, 2013 3:32:45 下午 org.apache.coyote.AbstractProtocol start
INFO: Starting ProtocolHandler ["http-apr-8180"]
三月 21, 2013 3:32:45 下午 org.apache.coyote.AbstractProtocol start
INFO: Starting ProtocolHandler ["ajp-apr-8109"]
三月 21, 2013 3:32:45 下午 org.apache.catalina.startup.Catalina start
INFO: Server startup in 2886 ms
三月 21, 2013 3:41:12 下午 org.apache.catalina.core.AprLifecycleListener init
INFO: Loaded APR based Apache Tomcat Native library 1.1.24 using APR version 1.4.6.
三月 21, 2013 3:41:12 下午 org.apache.catalina.core.AprLifecycleListener init
INFO: APR capabilities: IPv6 [true], sendfile [true], accept filters [false], random [true].
三月 21, 2013 3:41:14 下午 org.apache.catalina.core.AprLifecycleListener initializeSSL
INFO: OpenSSL successfully initialized (OpenSSL 1.0.1c 10 May 2012)
三月 21, 2013 3:41:14 下午 org.apache.coyote.AbstractProtocol init
INFO: Initializing ProtocolHandler ["http-apr-8180"]
三月 21, 2013 3:41:14 下午 org.apache.coyote.AbstractProtocol init
INFO: Initializing ProtocolHandler ["ajp-apr-8109"]
三月 21, 2013 3:41:14 下午 org.apache.catalina.startup.Catalina load
INFO: Initialization processed in 2656 ms
三月 21, 2013 3:41:14 下午 org.apache.catalina.core.StandardService startInternal
INFO: Starting service Catalina
三月 21, 2013 3:41:14 下午 org.apache.catalina.core.StandardEngine startInternal
INFO: Starting Servlet Engine: Apache Tomcat/7.0.32
三月 21, 2013 3:41:14 下午 org.apache.catalina.startup.HostConfig deployDirectory
INFO: Deploying web application directory I:\env-lvs\loadbalance\apache-tomcat-7.0.32-1\webapps\docs
三月 21, 2013 3:41:15 下午 de.javakaffee.web.msm.MemcachedSessionService startInternal
INFO: MemcachedSessionService starts initialization... (configured nodes definition n1:127.0.0.1:11211,n2:127.0.0.1:11212, failover nodes n1)
三月 21, 2013 3:41:15 下午 de.javakaffee.web.msm.RequestTrackingHostValve <init>
INFO: Setting ignorePattern to .*\.(ico|png|gif|jpg|css|js)$
三月 21, 2013 3:41:15 下午 de.javakaffee.web.msm.MemcachedSessionService setLockingMode
INFO: Setting lockingMode to null
三月 21, 2013 3:41:15 下午 de.javakaffee.web.msm.MemcachedSessionService createTranscoderFactory
INFO: Creating transcoder factory de.javakaffee.web.msm.serializer.kryo.KryoTranscoderFactory
三月 21, 2013 3:41:15 下午 de.javakaffee.web.msm.serializer.kryo.KryoTranscoder <init>
INFO: Starting with initialBufferSize 102400 and maxBufferSize 2048000
三月 21, 2013 3:41:15 下午 de.javakaffee.web.msm.MemcachedSessionService startInternal
INFO: MemcachedSessionService finished initialization, sticky true, operation timeout 1000, with node ids [n2] and failover node ids [n1]
三月 21, 2013 3:41:16 下午 org.apache.catalina.startup.HostConfig deployDirectory
INFO: Deploying web application directory I:\env-lvs\loadbalance\apache-tomcat-7.0.32-1\webapps\examples
三月 21, 2013 3:41:16 下午 de.javakaffee.web.msm.MemcachedSessionService startInternal
INFO: MemcachedSessionService starts initialization... (configured nodes definition n1:127.0.0.1:11211,n2:127.0.0.1:11212, failover nodes n1)
三月 21, 2013 3:41:16 下午 de.javakaffee.web.msm.RequestTrackingHostValve <init>
INFO: Setting ignorePattern to .*\.(ico|png|gif|jpg|css|js)$
三月 21, 2013 3:41:16 下午 de.javakaffee.web.msm.MemcachedSessionService setLockingMode
INFO: Setting lockingMode to null
三月 21, 2013 3:41:16 下午 de.javakaffee.web.msm.MemcachedSessionService createTranscoderFactory
INFO: Creating transcoder factory de.javakaffee.web.msm.serializer.kryo.KryoTranscoderFactory
三月 21, 2013 3:41:16 下午 de.javakaffee.web.msm.serializer.kryo.KryoTranscoder <init>
INFO: Starting with initialBufferSize 102400 and maxBufferSize 2048000
三月 21, 2013 3:41:16 下午 de.javakaffee.web.msm.MemcachedSessionService startInternal
INFO: MemcachedSessionService finished initialization, sticky true, operation timeout 1000, with node ids [n2] and failover node ids [n1]
三月 21, 2013 3:41:16 下午 org.apache.catalina.startup.HostConfig deployDirectory
INFO: Deploying web application directory I:\env-lvs\loadbalance\apache-tomcat-7.0.32-1\webapps\host-manager
三月 21, 2013 3:41:16 下午 de.javakaffee.web.msm.MemcachedSessionService startInternal
INFO: MemcachedSessionService starts initialization... (configured nodes definition n1:127.0.0.1:11211,n2:127.0.0.1:11212, failover nodes n1)
三月 21, 2013 3:41:16 下午 de.javakaffee.web.msm.RequestTrackingHostValve <init>
INFO: Setting ignorePattern to .*\.(ico|png|gif|jpg|css|js)$
三月 21, 2013 3:41:16 下午 de.javakaffee.web.msm.MemcachedSessionService setLockingMode
INFO: Setting lockingMode to null
三月 21, 2013 3:41:16 下午 de.javakaffee.web.msm.MemcachedSessionService createTranscoderFactory
INFO: Creating transcoder factory de.javakaffee.web.msm.serializer.kryo.KryoTranscoderFactory
三月 21, 2013 3:41:16 下午 de.javakaffee.web.msm.serializer.kryo.KryoTranscoder <init>
INFO: Starting with initialBufferSize 102400 and maxBufferSize 2048000
三月 21, 2013 3:41:16 下午 de.javakaffee.web.msm.MemcachedSessionService startInternal
INFO: MemcachedSessionService finished initialization, sticky true, operation timeout 1000, with node ids [n2] and failover node ids [n1]
三月 21, 2013 3:41:16 下午 org.apache.catalina.startup.HostConfig deployDirectory
INFO: Deploying web application directory I:\env-lvs\loadbalance\apache-tomcat-7.0.32-1\webapps\manager
三月 21, 2013 3:41:17 下午 de.javakaffee.web.msm.MemcachedSessionService startInternal
INFO: MemcachedSessionService starts initialization... (configured nodes definition n1:127.0.0.1:11211,n2:127.0.0.1:11212, failover nodes n1)
三月 21, 2013 3:41:17 下午 de.javakaffee.web.msm.RequestTrackingHostValve <init>
INFO: Setting ignorePattern to .*\.(ico|png|gif|jpg|css|js)$
三月 21, 2013 3:41:17 下午 de.javakaffee.web.msm.MemcachedSessionService setLockingMode
INFO: Setting lockingMode to null
三月 21, 2013 3:41:17 下午 de.javakaffee.web.msm.MemcachedSessionService createTranscoderFactory
INFO: Creating transcoder factory de.javakaffee.web.msm.serializer.kryo.KryoTranscoderFactory
三月 21, 2013 3:41:17 下午 de.javakaffee.web.msm.serializer.kryo.KryoTranscoder <init>
INFO: Starting with initialBufferSize 102400 and maxBufferSize 2048000
三月 21, 2013 3:41:17 下午 de.javakaffee.web.msm.MemcachedSessionService startInternal
INFO: MemcachedSessionService finished initialization, sticky true, operation timeout 1000, with node ids [n2] and failover node ids [n1]
三月 21, 2013 3:41:17 下午 org.apache.catalina.startup.HostConfig deployDirectory
INFO: Deploying web application directory I:\env-lvs\loadbalance\apache-tomcat-7.0.32-1\webapps\ROOT
三月 21, 2013 3:41:17 下午 de.javakaffee.web.msm.MemcachedSessionService startInternal
INFO: MemcachedSessionService starts initialization... (configured nodes definition n1:127.0.0.1:11211,n2:127.0.0.1:11212, failover nodes n1)
三月 21, 2013 3:41:17 下午 de.javakaffee.web.msm.RequestTrackingHostValve <init>
INFO: Setting ignorePattern to .*\.(ico|png|gif|jpg|css|js)$
三月 21, 2013 3:41:17 下午 de.javakaffee.web.msm.MemcachedSessionService setLockingMode
INFO: Setting lockingMode to null
三月 21, 2013 3:41:17 下午 de.javakaffee.web.msm.MemcachedSessionService createTranscoderFactory
INFO: Creating transcoder factory de.javakaffee.web.msm.serializer.kryo.KryoTranscoderFactory
三月 21, 2013 3:41:17 下午 de.javakaffee.web.msm.serializer.kryo.KryoTranscoder <init>
INFO: Starting with initialBufferSize 102400 and maxBufferSize 2048000
三月 21, 2013 3:41:17 下午 de.javakaffee.web.msm.MemcachedSessionService startInternal
INFO: MemcachedSessionService finished initialization, sticky true, operation timeout 1000, with node ids [n2] and failover node ids [n1]
三月 21, 2013 3:41:17 下午 org.apache.coyote.AbstractProtocol start
INFO: Starting ProtocolHandler ["http-apr-8180"]
三月 21, 2013 3:41:17 下午 org.apache.coyote.AbstractProtocol start
INFO: Starting ProtocolHandler ["ajp-apr-8109"]
三月 21, 2013 3:41:17 下午 org.apache.catalina.startup.Catalina start
INFO: Server startup in 2727 ms
三月 21, 2013 3:41:51 下午 org.apache.catalina.core.AprLifecycleListener init
INFO: Loaded APR based Apache Tomcat Native library 1.1.24 using APR version 1.4.6.
三月 21, 2013 3:41:51 下午 org.apache.catalina.core.AprLifecycleListener init
INFO: APR capabilities: IPv6 [true], sendfile [true], accept filters [false], random [true].
三月 21, 2013 3:41:52 下午 org.apache.catalina.core.AprLifecycleListener initializeSSL
INFO: OpenSSL successfully initialized (OpenSSL 1.0.1c 10 May 2012)
三月 21, 2013 3:41:53 下午 org.apache.coyote.AbstractProtocol init
INFO: Initializing ProtocolHandler ["http-apr-8180"]
三月 21, 2013 3:41:53 下午 org.apache.coyote.AbstractProtocol init
INFO: Initializing ProtocolHandler ["ajp-apr-8109"]
三月 21, 2013 3:41:53 下午 org.apache.catalina.startup.Catalina load
INFO: Initialization processed in 2704 ms
三月 21, 2013 3:41:53 下午 org.apache.catalina.core.StandardService startInternal
INFO: Starting service Catalina
三月 21, 2013 3:41:53 下午 org.apache.catalina.core.StandardEngine startInternal
INFO: Starting Servlet Engine: Apache Tomcat/7.0.32
三月 21, 2013 3:41:53 下午 org.apache.catalina.startup.HostConfig deployDirectory
INFO: Deploying web application directory I:\env-lvs\loadbalance\apache-tomcat-7.0.32-1\webapps\docs
三月 21, 2013 3:41:54 下午 de.javakaffee.web.msm.MemcachedSessionService startInternal
INFO: MemcachedSessionService starts initialization... (configured nodes definition n1:127.0.0.1:11211,n2:127.0.0.1:11212, failover nodes n1)
三月 21, 2013 3:41:54 下午 de.javakaffee.web.msm.RequestTrackingHostValve <init>
INFO: Setting ignorePattern to .*\.(ico|png|gif|jpg|css|js)$
三月 21, 2013 3:41:54 下午 de.javakaffee.web.msm.MemcachedSessionService setLockingMode
INFO: Setting lockingMode to null
三月 21, 2013 3:41:54 下午 de.javakaffee.web.msm.MemcachedSessionService createTranscoderFactory
INFO: Creating transcoder factory de.javakaffee.web.msm.serializer.kryo.KryoTranscoderFactory
三月 21, 2013 3:41:54 下午 de.javakaffee.web.msm.serializer.kryo.KryoTranscoder <init>
INFO: Starting with initialBufferSize 102400 and maxBufferSize 2048000
三月 21, 2013 3:41:54 下午 de.javakaffee.web.msm.MemcachedSessionService startInternal
INFO: MemcachedSessionService finished initialization, sticky true, operation timeout 1000, with node ids [n2] and failover node ids [n1]
三月 21, 2013 3:41:54 下午 org.apache.catalina.startup.HostConfig deployDirectory
INFO: Deploying web application directory I:\env-lvs\loadbalance\apache-tomcat-7.0.32-1\webapps\examples
三月 21, 2013 3:41:55 下午 de.javakaffee.web.msm.MemcachedSessionService startInternal
INFO: MemcachedSessionService starts initialization... (configured nodes definition n1:127.0.0.1:11211,n2:127.0.0.1:11212, failover nodes n1)
三月 21, 2013 3:41:55 下午 de.javakaffee.web.msm.RequestTrackingHostValve <init>
INFO: Setting ignorePattern to .*\.(ico|png|gif|jpg|css|js)$
三月 21, 2013 3:41:55 下午 de.javakaffee.web.msm.MemcachedSessionService setLockingMode
INFO: Setting lockingMode to null
三月 21, 2013 3:41:55 下午 de.javakaffee.web.msm.MemcachedSessionService createTranscoderFactory
INFO: Creating transcoder factory de.javakaffee.web.msm.serializer.kryo.KryoTranscoderFactory
三月 21, 2013 3:41:55 下午 de.javakaffee.web.msm.serializer.kryo.KryoTranscoder <init>
INFO: Starting with initialBufferSize 102400 and maxBufferSize 2048000
三月 21, 2013 3:41:55 下午 de.javakaffee.web.msm.MemcachedSessionService startInternal
INFO: MemcachedSessionService finished initialization, sticky true, operation timeout 1000, with node ids [n2] and failover node ids [n1]
三月 21, 2013 3:41:55 下午 org.apache.catalina.startup.HostConfig deployDirectory
INFO: Deploying web application directory I:\env-lvs\loadbalance\apache-tomcat-7.0.32-1\webapps\host-manager
三月 21, 2013 3:41:55 下午 de.javakaffee.web.msm.MemcachedSessionService startInternal
INFO: MemcachedSessionService starts initialization... (configured nodes definition n1:127.0.0.1:11211,n2:127.0.0.1:11212, failover nodes n1)
三月 21, 2013 3:41:55 下午 de.javakaffee.web.msm.RequestTrackingHostValve <init>
INFO: Setting ignorePattern to .*\.(ico|png|gif|jpg|css|js)$
三月 21, 2013 3:41:55 下午 de.javakaffee.web.msm.MemcachedSessionService setLockingMode
INFO: Setting lockingMode to null
三月 21, 2013 3:41:55 下午 de.javakaffee.web.msm.MemcachedSessionService createTranscoderFactory
INFO: Creating transcoder factory de.javakaffee.web.msm.serializer.kryo.KryoTranscoderFactory
三月 21, 2013 3:41:55 下午 de.javakaffee.web.msm.serializer.kryo.KryoTranscoder <init>
INFO: Starting with initialBufferSize 102400 and maxBufferSize 2048000
三月 21, 2013 3:41:55 下午 de.javakaffee.web.msm.MemcachedSessionService startInternal
INFO: MemcachedSessionService finished initialization, sticky true, operation timeout 1000, with node ids [n2] and failover node ids [n1]
三月 21, 2013 3:41:55 下午 org.apache.catalina.startup.HostConfig deployDirectory
INFO: Deploying web application directory I:\env-lvs\loadbalance\apache-tomcat-7.0.32-1\webapps\manager
三月 21, 2013 3:41:55 下午 de.javakaffee.web.msm.MemcachedSessionService startInternal
INFO: MemcachedSessionService starts initialization... (configured nodes definition n1:127.0.0.1:11211,n2:127.0.0.1:11212, failover nodes n1)
三月 21, 2013 3:41:55 下午 de.javakaffee.web.msm.RequestTrackingHostValve <init>
INFO: Setting ignorePattern to .*\.(ico|png|gif|jpg|css|js)$
三月 21, 2013 3:41:55 下午 de.javakaffee.web.msm.MemcachedSessionService setLockingMode
INFO: Setting lockingMode to null
三月 21, 2013 3:41:55 下午 de.javakaffee.web.msm.MemcachedSessionService createTranscoderFactory
INFO: Creating transcoder factory de.javakaffee.web.msm.serializer.kryo.KryoTranscoderFactory
三月 21, 2013 3:41:55 下午 de.javakaffee.web.msm.serializer.kryo.KryoTranscoder <init>
INFO: Starting with initialBufferSize 102400 and maxBufferSize 2048000
三月 21, 2013 3:41:55 下午 de.javakaffee.web.msm.MemcachedSessionService startInternal
INFO: MemcachedSessionService finished initialization, sticky true, operation timeout 1000, with node ids [n2] and failover node ids [n1]
三月 21, 2013 3:41:55 下午 org.apache.catalina.startup.HostConfig deployDirectory
INFO: Deploying web application directory I:\env-lvs\loadbalance\apache-tomcat-7.0.32-1\webapps\ROOT
三月 21, 2013 3:41:56 下午 de.javakaffee.web.msm.MemcachedSessionService startInternal
INFO: MemcachedSessionService starts initialization... (configured nodes definition n1:127.0.0.1:11211,n2:127.0.0.1:11212, failover nodes n1)
三月 21, 2013 3:41:56 下午 de.javakaffee.web.msm.RequestTrackingHostValve <init>
INFO: Setting ignorePattern to .*\.(ico|png|gif|jpg|css|js)$
三月 21, 2013 3:41:56 下午 de.javakaffee.web.msm.MemcachedSessionService setLockingMode
INFO: Setting lockingMode to null
三月 21, 2013 3:41:56 下午 de.javakaffee.web.msm.MemcachedSessionService createTranscoderFactory
INFO: Creating transcoder factory de.javakaffee.web.msm.serializer.kryo.KryoTranscoderFactory
三月 21, 2013 3:41:56 下午 de.javakaffee.web.msm.serializer.kryo.KryoTranscoder <init>
INFO: Starting with initialBufferSize 102400 and maxBufferSize 2048000
三月 21, 2013 3:41:56 下午 de.javakaffee.web.msm.MemcachedSessionService startInternal
INFO: MemcachedSessionService finished initialization, sticky true, operation timeout 1000, with node ids [n2] and failover node ids [n1]
三月 21, 2013 3:41:56 下午 org.apache.coyote.AbstractProtocol start
INFO: Starting ProtocolHandler ["http-apr-8180"]
三月 21, 2013 3:41:56 下午 org.apache.coyote.AbstractProtocol start
INFO: Starting ProtocolHandler ["ajp-apr-8109"]
三月 21, 2013 3:41:56 下午 org.apache.catalina.startup.Catalina start
INFO: Server startup in 3040 ms
三月 21, 2013 3:47:49 下午 org.apache.catalina.core.AprLifecycleListener init
INFO: Loaded APR based Apache Tomcat Native library 1.1.24 using APR version 1.4.6.
三月 21, 2013 3:47:49 下午 org.apache.catalina.core.AprLifecycleListener init
INFO: APR capabilities: IPv6 [true], sendfile [true], accept filters [false], random [true].
三月 21, 2013 3:47:50 下午 org.apache.catalina.core.AprLifecycleListener initializeSSL
INFO: OpenSSL successfully initialized (OpenSSL 1.0.1c 10 May 2012)
三月 21, 2013 3:47:51 下午 org.apache.coyote.AbstractProtocol init
INFO: Initializing ProtocolHandler ["http-apr-8180"]
三月 21, 2013 3:47:51 下午 org.apache.coyote.AbstractProtocol init
INFO: Initializing ProtocolHandler ["ajp-apr-8109"]
三月 21, 2013 3:47:51 下午 org.apache.catalina.startup.Catalina load
INFO: Initialization processed in 2881 ms
三月 21, 2013 3:47:51 下午 org.apache.catalina.core.StandardService startInternal
INFO: Starting service Catalina
三月 21, 2013 3:47:51 下午 org.apache.catalina.core.StandardEngine startInternal
INFO: Starting Servlet Engine: Apache Tomcat/7.0.32
三月 21, 2013 3:47:51 下午 org.apache.catalina.startup.HostConfig deployDirectory
INFO: Deploying web application directory I:\env-lvs\loadbalance\apache-tomcat-7.0.32-1\webapps\docs
三月 21, 2013 3:47:52 下午 de.javakaffee.web.msm.MemcachedSessionService startInternal
INFO: MemcachedSessionService starts initialization... (configured nodes definition n1:127.0.0.1:11211,n2:127.0.0.1:11212, failover nodes n1)
三月 21, 2013 3:47:53 下午 de.javakaffee.web.msm.RequestTrackingHostValve <init>
INFO: Setting ignorePattern to .*\.(ico|png|gif|jpg|css|js)$
三月 21, 2013 3:47:53 下午 de.javakaffee.web.msm.MemcachedSessionService setLockingMode
INFO: Setting lockingMode to null
三月 21, 2013 3:47:53 下午 de.javakaffee.web.msm.MemcachedSessionService createTranscoderFactory
INFO: Creating transcoder factory de.javakaffee.web.msm.serializer.kryo.KryoTranscoderFactory
三月 21, 2013 3:47:53 下午 de.javakaffee.web.msm.serializer.kryo.KryoTranscoder <init>
INFO: Starting with initialBufferSize 102400 and maxBufferSize 2048000
三月 21, 2013 3:47:53 下午 de.javakaffee.web.msm.MemcachedSessionService startInternal
INFO: MemcachedSessionService finished initialization, sticky true, operation timeout 1000, with node ids [n2] and failover node ids [n1]
三月 21, 2013 3:47:53 下午 org.apache.catalina.startup.HostConfig deployDirectory
INFO: Deploying web application directory I:\env-lvs\loadbalance\apache-tomcat-7.0.32-1\webapps\examples
三月 21, 2013 3:47:53 下午 de.javakaffee.web.msm.MemcachedSessionService startInternal
INFO: MemcachedSessionService starts initialization... (configured nodes definition n1:127.0.0.1:11211,n2:127.0.0.1:11212, failover nodes n1)
三月 21, 2013 3:47:53 下午 de.javakaffee.web.msm.RequestTrackingHostValve <init>
INFO: Setting ignorePattern to .*\.(ico|png|gif|jpg|css|js)$
三月 21, 2013 3:47:53 下午 de.javakaffee.web.msm.MemcachedSessionService setLockingMode
INFO: Setting lockingMode to null
三月 21, 2013 3:47:53 下午 de.javakaffee.web.msm.MemcachedSessionService createTranscoderFactory
INFO: Creating transcoder factory de.javakaffee.web.msm.serializer.kryo.KryoTranscoderFactory
三月 21, 2013 3:47:53 下午 de.javakaffee.web.msm.serializer.kryo.KryoTranscoder <init>
INFO: Starting with initialBufferSize 102400 and maxBufferSize 2048000
三月 21, 2013 3:47:53 下午 de.javakaffee.web.msm.MemcachedSessionService startInternal
INFO: MemcachedSessionService finished initialization, sticky true, operation timeout 1000, with node ids [n2] and failover node ids [n1]
三月 21, 2013 3:47:53 下午 org.apache.catalina.startup.HostConfig deployDirectory
INFO: Deploying web application directory I:\env-lvs\loadbalance\apache-tomcat-7.0.32-1\webapps\host-manager
三月 21, 2013 3:47:53 下午 de.javakaffee.web.msm.MemcachedSessionService startInternal
INFO: MemcachedSessionService starts initialization... (configured nodes definition n1:127.0.0.1:11211,n2:127.0.0.1:11212, failover nodes n1)
三月 21, 2013 3:47:53 下午 de.javakaffee.web.msm.RequestTrackingHostValve <init>
INFO: Setting ignorePattern to .*\.(ico|png|gif|jpg|css|js)$
三月 21, 2013 3:47:53 下午 de.javakaffee.web.msm.MemcachedSessionService setLockingMode
INFO: Setting lockingMode to null
三月 21, 2013 3:47:53 下午 de.javakaffee.web.msm.MemcachedSessionService createTranscoderFactory
INFO: Creating transcoder factory de.javakaffee.web.msm.serializer.kryo.KryoTranscoderFactory
三月 21, 2013 3:47:53 下午 de.javakaffee.web.msm.serializer.kryo.KryoTranscoder <init>
INFO: Starting with initialBufferSize 102400 and maxBufferSize 2048000
三月 21, 2013 3:47:53 下午 de.javakaffee.web.msm.MemcachedSessionService startInternal
INFO: MemcachedSessionService finished initialization, sticky true, operation timeout 1000, with node ids [n2] and failover node ids [n1]
三月 21, 2013 3:47:53 下午 org.apache.catalina.startup.HostConfig deployDirectory
INFO: Deploying web application directory I:\env-lvs\loadbalance\apache-tomcat-7.0.32-1\webapps\manager
三月 21, 2013 3:47:53 下午 de.javakaffee.web.msm.MemcachedSessionService startInternal
INFO: MemcachedSessionService starts initialization... (configured nodes definition n1:127.0.0.1:11211,n2:127.0.0.1:11212, failover nodes n1)
三月 21, 2013 3:47:54 下午 de.javakaffee.web.msm.RequestTrackingHostValve <init>
INFO: Setting ignorePattern to .*\.(ico|png|gif|jpg|css|js)$
三月 21, 2013 3:47:54 下午 de.javakaffee.web.msm.MemcachedSessionService setLockingMode
INFO: Setting lockingMode to null
三月 21, 2013 3:47:54 下午 de.javakaffee.web.msm.MemcachedSessionService createTranscoderFactory
INFO: Creating transcoder factory de.javakaffee.web.msm.serializer.kryo.KryoTranscoderFactory
三月 21, 2013 3:47:54 下午 de.javakaffee.web.msm.serializer.kryo.KryoTranscoder <init>
INFO: Starting with initialBufferSize 102400 and maxBufferSize 2048000
三月 21, 2013 3:47:54 下午 de.javakaffee.web.msm.MemcachedSessionService startInternal
INFO: MemcachedSessionService finished initialization, sticky true, operation timeout 1000, with node ids [n2] and failover node ids [n1]
三月 21, 2013 3:47:54 下午 org.apache.catalina.startup.HostConfig deployDirectory
INFO: Deploying web application directory I:\env-lvs\loadbalance\apache-tomcat-7.0.32-1\webapps\ROOT
三月 21, 2013 3:47:54 下午 de.javakaffee.web.msm.MemcachedSessionService startInternal
INFO: MemcachedSessionService starts initialization... (configured nodes definition n1:127.0.0.1:11211,n2:127.0.0.1:11212, failover nodes n1)
三月 21, 2013 3:47:54 下午 de.javakaffee.web.msm.RequestTrackingHostValve <init>
INFO: Setting ignorePattern to .*\.(ico|png|gif|jpg|css|js)$
三月 21, 2013 3:47:54 下午 de.javakaffee.web.msm.MemcachedSessionService setLockingMode
INFO: Setting lockingMode to null
三月 21, 2013 3:47:54 下午 de.javakaffee.web.msm.MemcachedSessionService createTranscoderFactory
INFO: Creating transcoder factory de.javakaffee.web.msm.serializer.kryo.KryoTranscoderFactory
三月 21, 2013 3:47:54 下午 de.javakaffee.web.msm.serializer.kryo.KryoTranscoder <init>
INFO: Starting with initialBufferSize 102400 and maxBufferSize 2048000
三月 21, 2013 3:47:54 下午 de.javakaffee.web.msm.MemcachedSessionService startInternal
INFO: MemcachedSessionService finished initialization, sticky true, operation timeout 1000, with node ids [n2] and failover node ids [n1]
三月 21, 2013 3:47:54 下午 org.apache.coyote.AbstractProtocol start
INFO: Starting ProtocolHandler ["http-apr-8180"]
三月 21, 2013 3:47:54 下午 org.apache.coyote.AbstractProtocol start
INFO: Starting ProtocolHandler ["ajp-apr-8109"]
三月 21, 2013 3:47:54 下午 org.apache.catalina.startup.Catalina start
INFO: Server startup in 2999 ms
