三月 21, 2013 3:32:45 下午 org.apache.catalina.core.ApplicationContext log
INFO: ContextListener: contextInitialized()
三月 21, 2013 3:32:45 下午 org.apache.catalina.core.ApplicationContext log
INFO: SessionListener: contextInitialized()
三月 21, 2013 3:32:45 下午 org.apache.catalina.core.ApplicationContext log
INFO: ContextListener: attributeAdded('org.apache.jasper.compiler.TldLocationsCache', 'org.apache.jasper.compiler.TldLocationsCache@1e28d954')
三月 21, 2013 3:41:16 下午 org.apache.catalina.core.ApplicationContext log
INFO: ContextListener: contextInitialized()
三月 21, 2013 3:41:16 下午 org.apache.catalina.core.ApplicationContext log
INFO: SessionListener: contextInitialized()
三月 21, 2013 3:41:16 下午 org.apache.catalina.core.ApplicationContext log
INFO: ContextListener: attributeAdded('org.apache.jasper.compiler.TldLocationsCache', 'org.apache.jasper.compiler.TldLocationsCache@68887242')
三月 21, 2013 3:41:55 下午 org.apache.catalina.core.ApplicationContext log
INFO: ContextListener: contextInitialized()
三月 21, 2013 3:41:55 下午 org.apache.catalina.core.ApplicationContext log
INFO: SessionListener: contextInitialized()
三月 21, 2013 3:41:55 下午 org.apache.catalina.core.ApplicationContext log
INFO: ContextListener: attributeAdded('org.apache.jasper.compiler.TldLocationsCache', 'org.apache.jasper.compiler.TldLocationsCache@caa47ba')
三月 21, 2013 3:44:05 下午 org.apache.catalina.core.ApplicationContext log
INFO: ContextListener: attributeAdded('org.apache.jasper.runtime.JspApplicationContextImpl', 'org.apache.jasper.runtime.JspApplicationContextImpl@70d90322')
三月 21, 2013 3:47:53 下午 org.apache.catalina.core.ApplicationContext log
INFO: ContextListener: contextInitialized()
三月 21, 2013 3:47:53 下午 org.apache.catalina.core.ApplicationContext log
INFO: SessionListener: contextInitialized()
三月 21, 2013 3:47:53 下午 org.apache.catalina.core.ApplicationContext log
INFO: ContextListener: attributeAdded('org.apache.jasper.compiler.TldLocationsCache', 'org.apache.jasper.compiler.TldLocationsCache@68887242')
三月 21, 2013 3:49:20 下午 org.apache.catalina.core.ApplicationContext log
INFO: ContextListener: attributeAdded('org.apache.jasper.runtime.JspApplicationContextImpl', 'org.apache.jasper.runtime.JspApplicationContextImpl@4e8c0e97')
